local_packages/reactive_ble_mobile/android/build/intermediates/manifest_merge_blame_file/debug/processDebugManifest/manifest-merger-blame-debug-report.txt
1<?xml version="1.0" encoding="utf-8"?>
2<manifest xmlns:android="http://schemas.android.com/apk/res/android"
3    package="com.signify.hue.flutterreactiveble" >
4
5    <uses-sdk android:minSdkVersion="21" />
6
7    <!-- required for API 18 - 30 -->
8    <uses-permission
8-->src/main/AndroidManifest.xml:4:5-6:38
9        android:name="android.permission.BLUETOOTH"
9-->src/main/AndroidManifest.xml:5:9-52
10        android:maxSdkVersion="30" />
10-->src/main/AndroidManifest.xml:6:9-35
11    <uses-permission
11-->src/main/AndroidManifest.xml:7:5-9:38
12        android:name="android.permission.BLUETOOTH_ADMIN"
12-->src/main/AndroidManifest.xml:8:9-58
13        android:maxSdkVersion="30" />
13-->src/main/AndroidManifest.xml:9:9-35
14
15</manifest>